<?xml version="1.0" encoding="UTF-8"?>
<testng-results skipped="0" failed="0" total="1" passed="1">
  <reporter-output>
  </reporter-output>
  <suite name="Default suite" duration-ms="55111" started-at="2019-09-09T03:45:59Z" finished-at="2019-09-09T03:46:54Z">
    <groups>
    </groups>
    <test name="Default test" duration-ms="55111" started-at="2019-09-09T03:45:59Z" finished-at="2019-09-09T03:46:54Z">
      <class name="Week_02.RTTC_043">
        <test-method status="PASS" signature="setUpBeforeClass()[pri:0, instance:Week_02.RTTC_043@256216b3]" name="setUpBeforeClass" is-config="true" duration-ms="25" started-at="2019-09-09T09:15:59Z" finished-at="2019-09-09T09:15:59Z">
          <reporter-output>
          </reporter-output>
        </test-method> <!-- setUpBeforeClass -->
        <test-method status="PASS" signature="setUp()[pri:0, instance:Week_02.RTTC_043@256216b3]" name="setUp" is-config="true" duration-ms="11831" started-at="2019-09-09T09:15:59Z" finished-at="2019-09-09T09:16:11Z">
          <reporter-output>
          </reporter-output>
        </test-method> <!-- setUp -->
        <test-method status="PASS" signature="validLoginTest()[pri:0, instance:Week_02.RTTC_043@256216b3]" name="validLoginTest" duration-ms="41357" started-at="2019-09-09T09:16:11Z" finished-at="2019-09-09T09:16:53Z">
          <reporter-output>
          </reporter-output>
        </test-method> <!-- validLoginTest -->
        <test-method status="PASS" signature="tearDown()[pri:0, instance:Week_02.RTTC_043@256216b3]" name="tearDown" is-config="true" duration-ms="1876" started-at="2019-09-09T09:16:53Z" finished-at="2019-09-09T09:16:54Z">
          <reporter-output>
          </reporter-output>
        </test-method> <!-- tearDown -->
      </class> <!-- Week_02.RTTC_043 -->
    </test> <!-- Default test -->
  </suite> <!-- Default suite -->
</testng-results>
